# JRE version: Java(TM) SE Runtime Environment (18.0.2.1+1) (build 18.0.2.1+1-1)
# Java VM: Java HotSpot(TM) 64-Bit Server VM (18.0.2.1+1-1, mixed mode, sharing, tiered, compressed oops, compressed class ptrs, g1 gc, windows-amd64)
GC Precious Log:
 CardTable entry size: 512
 Card Set container configuration: InlinePtr #cards 4 size 8 Array Of Cards #cards 16 size 48 Howl #buckets 8 coarsen threshold 3686 Howl Bitmap #cards 512 size 80 coarsen threshold 460 Card regions per heap region 1 cards per card region 4096
 CPUs: 12 total, 12 available
 Memory: 16328M
 Large Page Support: Disabled
 NUMA Support: Disabled
 Compressed Oops: Enabled (Zero based)
 Heap Region Size: 2M
 Heap Min Capacity: 8M
 Heap Initial Capacity: 256M
 Heap Max Capacity: 4084M
 Pre-touch: Disabled
 Parallel Workers: 10
 Concurrent Workers: 3
 Concurrent Refinement Workers: 10
 Periodic GC: Disabled
Heap:
 garbage-first heap   total 61440K, used 34646K [0x0000000700c00000, 0x0000000800000000)
  region size 2048K, 10 young (20480K), 0 survivors (0K)
 Metaspace       used 45367K, committed 46016K, reserved 1114112K
  class space    used 5451K, committed 5760K, reserved 1048576K
GC Heap History (20 events):
Event: 1.831 GC heap before
{Heap before GC invocations=4 (full 0):
 garbage-first heap   total 49152K, used 40615K [0x0000000700c00000, 0x0000000800000000)
  region size 2048K, 18 young (36864K), 3 survivors (6144K)
 Metaspace       used 24420K, committed 24896K, reserved 1114112K
  class space    used 2914K, committed 3136K, reserved 1048576K
}
Event: 1.835 GC heap after
{Heap after GC invocations=5 (full 0):
 garbage-first heap   total 51200K, used 11576K [0x0000000700c00000, 0x0000000800000000)
  region size 2048K, 1 young (2048K), 1 survivors (2048K)
 Metaspace       used 24420K, committed 24896K, reserved 1114112K
  class space    used 2914K, committed 3136K, reserved 1048576K
}
Event: 1.853 GC heap before
{Heap before GC invocations=5 (full 0):
 garbage-first heap   total 51200K, used 13624K [0x0000000700c00000, 0x0000000800000000)
  region size 2048K, 2 young (4096K), 1 survivors (2048K)
 Metaspace       used 24700K, committed 25152K, reserved 1114112K
  class space    used 2945K, committed 3136K, reserved 1048576K
}
Event: 1.854 GC heap after
{Heap after GC invocations=6 (full 0):
 garbage-first heap   total 51200K, used 11947K [0x0000000700c00000, 0x0000000800000000)
  region size 2048K, 1 young (2048K), 1 survivors (2048K)
 Metaspace       used 24700K, committed 25152K, reserved 1114112K
  class space    used 2945K, committed 3136K, reserved 1048576K
}
Event: 2.025 GC heap before
{Heap before GC invocations=6 (full 0):
 garbage-first heap   total 51200K, used 30379K [0x0000000700c00000, 0x0000000800000000)
  region size 2048K, 11 young (22528K), 1 survivors (2048K)
 Metaspace       used 26758K, committed 27200K, reserved 1114112K
  class space    used 3186K, committed 3392K, reserved 1048576K
}
Event: 2.026 GC heap after
{Heap after GC invocations=7 (full 0):
 garbage-first heap   total 51200K, used 13010K [0x0000000700c00000, 0x0000000800000000)
  region size 2048K, 1 young (2048K), 1 survivors (2048K)
 Metaspace       used 26758K, committed 27200K, reserved 1114112K
  class space    used 3186K, committed 3392K, reserved 1048576K
}
Event: 2.154 GC heap before
{Heap before GC invocations=7 (full 0):
 garbage-first heap   total 51200K, used 33490K [0x0000000700c00000, 0x0000000800000000)
  region size 2048K, 12 young (24576K), 1 survivors (2048K)
 Metaspace       used 30558K, committed 31104K, reserved 1114112K
  class space    used 3504K, committed 3776K, reserved 1048576K
}
Event: 2.155 GC heap after
{Heap after GC invocations=8 (full 0):
 garbage-first heap   total 51200K, used 14030K [0x0000000700c00000, 0x0000000800000000)
  region size 2048K, 2 young (4096K), 2 survivors (4096K)
 Metaspace       used 30558K, committed 31104K, reserved 1114112K
  class space    used 3504K, committed 3776K, reserved 1048576K
}
Event: 2.477 GC heap before
{Heap before GC invocations=8 (full 0):
 garbage-first heap   total 51200K, used 34510K [0x0000000700c00000, 0x0000000800000000)
  region size 2048K, 12 young (24576K), 2 survivors (4096K)
 Metaspace       used 33332K, committed 33856K, reserved 1114112K
  class space    used 3816K, committed 4032K, reserved 1048576K
}
Event: 2.478 GC heap after
{Heap after GC invocations=9 (full 0):
 garbage-first heap   total 157696K, used 14660K [0x0000000700c00000, 0x0000000800000000)
  region size 2048K, 1 young (2048K), 1 survivors (2048K)
 Metaspace       used 33332K, committed 33856K, reserved 1114112K
  class space    used 3816K, committed 4032K, reserved 1048576K
}
Event: 3.292 GC heap before
{Heap before GC invocations=9 (full 0):
 garbage-first heap   total 157696K, used 37188K [0x0000000700c00000, 0x0000000800000000)
  region size 2048K, 14 young (28672K), 1 survivors (2048K)
 Metaspace       used 35494K, committed 35968K, reserved 1114112K
  class space    used 4061K, committed 4288K, reserved 1048576K
}
Event: 3.294 GC heap after
{Heap after GC invocations=10 (full 0):
 garbage-first heap   total 157696K, used 16030K [0x0000000700c00000, 0x0000000800000000)
  region size 2048K, 2 young (4096K), 2 survivors (4096K)
 Metaspace       used 35494K, committed 35968K, reserved 1114112K
  class space    used 4061K, committed 4288K, reserved 1048576K
}
Event: 3.937 GC heap before
{Heap before GC invocations=11 (full 0):
 garbage-first heap   total 69632K, used 52894K [0x0000000700c00000, 0x0000000800000000)
  region size 2048K, 20 young (40960K), 2 survivors (4096K)
 Metaspace       used 38346K, committed 38976K, reserved 1114112K
  class space    used 4441K, committed 4736K, reserved 1048576K
}
Event: 3.938 GC heap after
{Heap after GC invocations=12 (full 0):
 garbage-first heap   total 69632K, used 17504K [0x0000000700c00000, 0x0000000800000000)
  region size 2048K, 3 young (6144K), 3 survivors (6144K)
 Metaspace       used 38346K, committed 38976K, reserved 1114112K
  class space    used 4441K, committed 4736K, reserved 1048576K
}
Event: 4.134 GC heap before
{Heap before GC invocations=12 (full 0):
 garbage-first heap   total 69632K, used 48224K [0x0000000700c00000, 0x0000000800000000)
  region size 2048K, 19 young (38912K), 3 survivors (6144K)
 Metaspace       used 42458K, committed 43008K, reserved 1114112K
  class space    used 5116K, committed 5376K, reserved 1048576K
}
Event: 4.137 GC heap after
{Heap after GC invocations=13 (full 0):
 garbage-first heap   total 69632K, used 18364K [0x0000000700c00000, 0x0000000800000000)
  region size 2048K, 2 young (4096K), 2 survivors (4096K)
 Metaspace       used 42458K, committed 43008K, reserved 1114112K
  class space    used 5116K, committed 5376K, reserved 1048576K
}
Event: 453.045 GC heap before
{Heap before GC invocations=13 (full 0):
 garbage-first heap   total 69632K, used 51132K [0x0000000700c00000, 0x0000000800000000)
  region size 2048K, 19 young (38912K), 2 survivors (4096K)
 Metaspace       used 44775K, committed 45312K, reserved 1114112K
  class space    used 5402K, committed 5632K, reserved 1048576K
}
Event: 453.047 GC heap after
{Heap after GC invocations=14 (full 0):
 garbage-first heap   total 69632K, used 19044K [0x0000000700c00000, 0x0000000800000000)
  region size 2048K, 2 young (4096K), 2 survivors (4096K)
 Metaspace       used 44775K, committed 45312K, reserved 1114112K
  class space    used 5402K, committed 5632K, reserved 1048576K
}
Event: 609.969 GC heap before
{Heap before GC invocations=14 (full 0):
 garbage-first heap   total 69632K, used 27236K [0x0000000700c00000, 0x0000000800000000)
  region size 2048K, 7 young (14336K), 2 survivors (4096K)
 Metaspace       used 45077K, committed 45696K, reserved 1114112K
  class space    used 5441K, committed 5760K, reserved 1048576K
}
Event: 609.994 GC heap after
{Heap after GC invocations=15 (full 1):
 garbage-first heap   total 61440K, used 16214K [0x0000000700c00000, 0x0000000800000000)
  region size 2048K, 0 young (0K), 0 survivors (0K)
 Metaspace       used 45077K, committed 45696K, reserved 1114112K
  class space    used 5441K, committed 5760K, reserved 1048576K
}

